data/images/00001/00001_930831_fa_a.ppm
data/images/00001/00001_930831_fb_a.ppm
data/images/00001/00001_930831_hl_a.ppm
data/images/00001/00001_930831_hr_a.ppm
data/images/00001/00001_930831_pr_a.ppm
data/images/00002/00002_930831_fa.ppm
data/images/00002/00002_930831_fb.ppm
data/images/00002/00002_930831_hl.ppm
data/images/00002/00002_930831_hr.ppm
data/images/00002/00002_930831_pr.ppm
data/images/00003/00003_930831_fa_a.ppm
data/images/00003/00003_930831_fb_a.ppm
data/images/00003/00003_930831_hl_a.ppm
data/images/00003/00003_930831_hr_a.ppm
data/images/00003/00003_930831_pr_a.ppm
data/images/00004/00004_930831_fa.ppm
data/images/00004/00004_930831_fb.ppm
data/images/00004/00004_930831_hl.ppm
data/images/00004/00004_930831_hr.ppm
data/images/00004/00004_930831_pr.ppm
data/images/00005/00005_930831_fa.ppm
data/images/00005/00005_930831_fb.ppm
data/images/00005/00005_930831_hl.ppm
data/images/00005/00005_930831_hr.ppm
data/images/00005/00005_930831_pr.ppm
data/images/00006/00006_930831_fa_a.ppm
data/images/00006/00006_930831_fb_a.ppm
data/images/00006/00006_930831_hl_a.ppm
data/images/00006/00006_930831_hr_a.ppm
data/images/00006/00006_930831_pr_a.ppm
data/images/00007/00007_930831_fa_a.ppm
data/images/00007/00007_930831_fb_a.ppm
data/images/00007/00007_930831_hl_a.ppm
data/images/00007/00007_930831_hr_a.ppm
data/images/00007/00007_930831_pr_a.ppm
data/images/00008/00008_930831_fa_a.ppm
data/images/00008/00008_930831_fb_a.ppm
data/images/00008/00008_930831_hl_a.ppm
data/images/00008/00008_930831_hr_a.ppm
data/images/00008/00008_930831_pr_a.ppm
data/images/00009/00009_930831_fa_a.ppm
data/images/00009/00009_930831_fb_a.ppm
data/images/00009/00009_930831_hl_a.ppm
data/images/00009/00009_930831_hr_a.ppm
data/images/00009/00009_930831_pr_a.ppm
data/images/00010/00010_930831_fa.ppm
data/images/00010/00010_930831_fb.ppm
data/images/00010/00010_930831_hl.ppm
data/images/00010/00010_930831_hr.ppm
data/images/00010/00010_930831_pr.ppm
data/images/00012/00012_930831_fa.ppm
data/images/00012/00012_930831_fa_a.ppm
data/images/00012/00012_930831_fb.ppm
data/images/00012/00012_930831_fb_a.ppm
data/images/00012/00012_930831_hl.ppm
data/images/00012/00012_930831_hl_a.ppm
data/images/00012/00012_930831_hr.ppm
data/images/00012/00012_930831_hr_a.ppm
data/images/00012/00012_930831_pr.ppm
data/images/00012/00012_930831_pr_a.ppm
data/images/00013/00013_930831_fa.ppm
data/images/00013/00013_930831_fb.ppm
data/images/00013/00013_930831_hl.ppm
data/images/00013/00013_930831_hr.ppm
data/images/00013/00013_930831_pr.ppm
data/images/00014/00014_930831_fa.ppm
data/images/00014/00014_930831_fb.ppm
data/images/00014/00014_930831_hl.ppm
data/images/00014/00014_930831_hr.ppm
data/images/00014/00014_930831_pr.ppm
data/images/00015/00015_930831_fa.ppm
data/images/00015/00015_930831_fb.ppm
data/images/00015/00015_930831_hl.ppm
data/images/00015/00015_930831_hr.ppm
data/images/00015/00015_930831_pr.ppm
data/images/00016/00016_930831_fa.ppm
data/images/00016/00016_930831_fb.ppm
data/images/00016/00016_930831_hl.ppm
data/images/00016/00016_930831_hr.ppm
data/images/00016/00016_930831_pr.ppm
data/images/00017/00017_930831_fa.ppm
data/images/00017/00017_930831_fb.ppm
data/images/00017/00017_930831_hl.ppm
data/images/00017/00017_930831_hr.ppm
data/images/00017/00017_930831_pr.ppm
data/images/00018/00018_930831_fa.ppm
data/images/00018/00018_930831_fb.ppm
data/images/00018/00018_930831_hl.ppm
data/images/00018/00018_930831_hr.ppm
data/images/00018/00018_930831_pr.ppm
data/images/00019/00019_930831_fa.ppm
data/images/00019/00019_930831_fb.ppm
data/images/00019/00019_930831_hl.ppm
data/images/00019/00019_930831_hr.ppm
data/images/00019/00019_930831_pr.ppm
data/images/00020/00020_930831_fa.ppm
data/images/00020/00020_930831_fb.ppm
data/images/00020/00020_930831_hl.ppm
data/images/00020/00020_930831_hr.ppm
data/images/00020/00020_930831_pr.ppm
data/images/00021/00021_930831_fa.ppm
data/images/00021/00021_930831_fb.ppm
data/images/00021/00021_930831_hl.ppm
data/images/00021/00021_930831_hr.ppm
data/images/00021/00021_930831_pr.ppm
data/images/00022/00022_930831_fa.ppm
data/images/00022/00022_930831_fb.ppm
data/images/00022/00022_930831_hl.ppm
data/images/00022/00022_930831_hr.ppm
data/images/00022/00022_930831_pr.ppm
data/images/00023/00023_930831_fa.ppm
data/images/00023/00023_930831_fb.ppm
data/images/00023/00023_930831_hl.ppm
data/images/00023/00023_930831_hr.ppm
data/images/00023/00023_930831_pr.ppm
data/images/00024/00024_930831_fa.ppm
data/images/00024/00024_930831_fb.ppm
data/images/00024/00024_930831_hl.ppm
data/images/00024/00024_930831_hr.ppm
data/images/00024/00024_930831_pr.ppm
data/images/00025/00025_930831_fa.ppm
data/images/00025/00025_930831_fb.ppm
data/images/00025/00025_930831_hl.ppm
data/images/00025/00025_930831_hr.ppm
data/images/00025/00025_930831_pr.ppm
data/images/00026/00026_930831_fa.ppm
data/images/00026/00026_930831_fb.ppm
data/images/00026/00026_930831_hl.ppm
data/images/00026/00026_930831_hr.ppm
data/images/00026/00026_930831_pr.ppm
data/images/00027/00027_930831_fa.ppm
data/images/00027/00027_930831_fb.ppm
data/images/00027/00027_930831_hl.ppm
data/images/00027/00027_930831_hr.ppm
data/images/00027/00027_930831_pr.ppm
data/images/00028/00028_930831_fa.ppm
data/images/00028/00028_930831_fb.ppm
data/images/00028/00028_930831_hl.ppm
data/images/00028/00028_930831_hr.ppm
data/images/00028/00028_930831_pr.ppm
data/images/00029/00029_930831_fa.ppm
data/images/00029/00029_930831_fb.ppm
data/images/00029/00029_930831_hl.ppm
data/images/00029/00029_930831_hr.ppm
data/images/00029/00029_930831_pr.ppm
data/images/00030/00030_930831_fa_a.ppm
data/images/00030/00030_930831_fb_a.ppm
data/images/00030/00030_930831_hl_a.ppm
data/images/00030/00030_930831_hr_a.ppm
data/images/00030/00030_930831_pr_a.ppm
data/images/00031/00031_930831_fa_a.ppm
data/images/00031/00031_930831_fb_a.ppm
data/images/00031/00031_930831_hl_a.ppm
data/images/00031/00031_930831_hr_a.ppm
data/images/00031/00031_930831_pr_a.ppm
data/images/00032/00032_930831_fa_a.ppm
data/images/00032/00032_930831_fb_a.ppm
data/images/00032/00032_930831_hl_a.ppm
data/images/00032/00032_930831_hr_a.ppm
data/images/00032/00032_930831_pr_a.ppm
data/images/00033/00033_930831_fa.ppm
data/images/00033/00033_930831_fb.ppm
data/images/00033/00033_930831_hl.ppm
data/images/00033/00033_930831_hr.ppm
data/images/00033/00033_930831_pr.ppm
data/images/00034/00034_930831_fa_a.ppm
data/images/00034/00034_930831_fb_a.ppm
data/images/00034/00034_930831_hl_a.ppm
data/images/00034/00034_930831_hr_a.ppm
data/images/00034/00034_930831_pr_a.ppm
data/images/00035/00035_930831_fa.ppm
data/images/00035/00035_930831_fb.ppm
data/images/00035/00035_930831_hl.ppm
data/images/00035/00035_930831_hr.ppm
data/images/00035/00035_930831_pr.ppm
data/images/00036/00036_930831_fa_a.ppm
data/images/00036/00036_930831_fb_a.ppm
data/images/00036/00036_930831_hl_a.ppm
data/images/00036/00036_930831_hr_a.ppm
data/images/00036/00036_930831_pr_a.ppm
data/images/00037/00037_930831_fa_a.ppm
data/images/00037/00037_930831_fb_a.ppm
data/images/00037/00037_930831_hl_a.ppm
data/images/00037/00037_930831_hr_a.ppm
data/images/00037/00037_930831_pr_a.ppm
data/images/00038/00038_930831_fa.ppm
data/images/00038/00038_930831_fb.ppm
data/images/00038/00038_930831_hl.ppm
data/images/00038/00038_930831_hr.ppm
data/images/00038/00038_930831_pr.ppm
data/images/00039/00039_930831_fa.ppm
data/images/00039/00039_930831_fb.ppm
data/images/00039/00039_930831_hl.ppm
data/images/00039/00039_930831_hr.ppm
data/images/00039/00039_930831_pr.ppm
data/images/00040/00040_930831_fa.ppm
data/images/00040/00040_930831_fb.ppm
data/images/00040/00040_930831_hl.ppm
data/images/00040/00040_930831_hr.ppm
data/images/00040/00040_930831_pr.ppm
data/images/00041/00041_930831_fa.ppm
data/images/00041/00041_930831_fb.ppm
data/images/00041/00041_930831_hl.ppm
data/images/00041/00041_930831_hr.ppm
data/images/00041/00041_930831_pr.ppm
data/images/00042/00042_930831_fa.ppm
data/images/00042/00042_930831_fb.ppm
data/images/00042/00042_930831_hl.ppm
data/images/00042/00042_930831_hr.ppm
data/images/00042/00042_930831_pr.ppm
