00001  5  2
00002 33 10
00003 27  8
00004  5  2
00005 16  4
00006 10  4
00007  5  2
00008  5  2
00009  5  2
00010  5  2
00012 10  4
00013 10  4
00014  5  2
00015  5  2
00016  5  2
00017  5  2
00018  5  2
00019 23  8
00020 10  4
00021  5  2
00022  5  2
00023  5  2
00024 17  6
00025  5  2
00026 10  4
00027  5  2
00028 22  6
00029 91 22
00030  5  2
00031  5  2
00032  5  2
00033  5  2
00034  5  2
00035  5  2
00036  5  2
00037  5  2
00038 11  4
00039  5  2
00040 10  4
00041  5  2
00042  5  2
00043  5  2
00044  5  2
00045  5  2
00046  5  2
00047  5  2
00048  5  2
00049  5  2
00050  5  2
00051  5  2
00052  5  2
00053  5  2
00054  5  2
00055  5  2
00056  5  2
00057  5  2
00058  5  2
00059  5  2
00060  5  2
00061  5  2
00062  5  2
00063  5  2
00064  5  2
00065  5  2
00066  5  2
00067  5  2
00068  5  2
00069  5  2
00070 50 12
00071 22  6
00072  5  2
00073  5  2
00074  5  2
00075  5  2
00076  5  2
00077  5  2
00078  5  2
00079  5  2
00080  5  2
00081 27  6
00082  5  2
00083 11  4
00084  5  2
00085  5  2
00086 11  4
00087  5  2
00088  5  2
00089  5  2
00090  5  2
00091  5  2
00092  5  2
00093 33  8
00094  5  2
00095 11  4
00096 11  4
00097  5  2
00098  5  2
00099  5  2
00100  5  2
00101  5  2
00102  5  2
00103  5  2
00104  5  2
00105  5  2
00106  5  2
00107 27  6
00108 33  8
00109  5  2
00110  5  2
00111  5  2
00112  5  2
00113  5  2
00114  5  2
00115  5  2
00116  5  2
00117  5  2
00118  5  2
00119  5  2
00120  5  2
00121  5  2
00122  5  2
00123  5  2
00124  5  2
00125  5  2
00126  5  2
00127  5  2
00128  5  2
00129  5  2
00130  5  2
00131  5  2
00132  5  2
00133  5  2
00134  5  2
00135  5  2
00136  5  2
00137  5  2
00138  5  2
00139  5  2
00140 16  4
00141  5  2
00142  5  2
00143  5  2
00144  5  2
00145  5  2
00146 67 13
00147  5  2
00148  5  2
00149  5  2
00150 11  4
00151  5  2
00152  5  2
00153  5  2
00154 11  4
00155 11  4
00156  5  2
00157 22  6
00158  5  2
00159  5  2
00160  5  2
00161  5  2
00162 11  4
00163  5  2
00164  5  2
00165  5  2
00166  5  2
00167  5  2
00168  5  2
00169  5  2
00170  5  2
00171  5  2
00172  5  2
00173  5  2
00174  5  2
00175  5  2
00176  5  2
00177  5  2
00178  5  2
00179  5  2
00180  5  2
00181  5  2
00182 23  8
00183  6  2
00184 12  4
00185 12  4
00186  6  2
00187  6  2
00188 12  4
00189  6  2
00190  6  2
00191  6  2
00192  6  2
00193 17  4
00194  6  2
00195  6  2
00196  6  2
00197  6  2
00198  6  2
00199  6  2
00200  6  2
00201  6  2
00202  6  2
00203  6  2
00204  6  2
00205  6  2
00206  6  2
00207  6  2
00208  6  2
00209  6  2
00210 12  4
00211  6  2
00212  6  2
00213  6  2
00214  6  2
00215  6  2
00216  6  2
00217  6  2
00218  6  2
00219  6  2
00220  6  2
00221  6  2
00222  6  2
00223  6  2
00224  6  2
00225  6  2
00227  6  2
00228  6  2
00229  6  2
00230  6  2
00231  6  2
00233  6  2
00234  6  2
00235  6  2
00236  6  2
00237  6  2
00238  6  2
00239  6  2
00241  6  2
00242  6  2
00243  6  2
00244  5  2
00245  6  2
00246  6  2
00247 17  4
00248  6  2
00249  6  2
00250  6  2
00251  6  2
00252  6  2
00253  6  2
00254 17  4
00255  6  2
00256 28  6
00257  6  2
00258  6  2
00259  6  2
00260  6  2
00261  6  2
00262  6  2
00263  6  2
00264  6  2
00265  6  2
00266  6  2
00267  6  2
00268 42 10
00269 12  4
00270  6  2
00271  6  2
00272  6  2
00273  6  2
00275  6  2
00276 12  4
00278  6  2
00279  6  2
00280  6  2
00281  6  2
00282  6  2
00283 24  8
00284  6  2
00285  6  2
00286 12  4
00287 12  4
00288  6  2
00289 12  4
00290  6  2
00291  6  2
00292 12  4
00293  6  2
00294 12  4
00295 12  4
00296  6  2
00297  6  2
00298 12  4
00299  6  2
00300  6  2
00301  6  2
00302  6  2
00303  6  2
00304  6  2
00305  6  2
00306  6  2
00307  6  2
00308  6  2
00309  6  2
00310  6  2
00311  6  2
00312  6  2
00313  6  2
00314  6  2
00315  6  2
00316  6  2
00317  6  2
00318  6  2
00319  6  2
00320  6  2
00321  6  2
00322  6  2
00323  6  2
00324  6  2
00325 12  4
00326 12  4
00327  6  2
00328  6  2
00329  6  2
00330  6  2
00331  6  2
00332  6  2
00333  6  2
00334  6  2
00335 12  4
00336  6  2
00337  6  2
00338 12  4
00339 12  4
00340 12  4
00341  6  2
00342  6  2
00343 12  4
00344  6  2
00345  6  2
00346  6  2
00347  6  2
00348  6  2
00349  6  2
00350  6  2
00351  6  2
00352  6  2
00353  6  2
00354  6  2
00355  6  2
00356  6  2
00357  6  2
00358  6  2
00359  6  2
00360  6  2
00361  6  2
00362  6  2
00363  6  2
00364  6  2
00365  6  2
00366  6  2
00367  6  2
00368  6  2
00369  6  2
00370  6  2
00371 12  4
00373  6  2
00374  6  2
00375  6  2
00376  6  2
00377  6  2
00378  6  2
00379  6  2
00380  6  2
00381  6  2
00383 34  8
00384  6  2
00385  6  2
00386  6  2
00387 12  4
00388  6  2
00389  6  2
00390  6  2
00391  6  2
00392 12  4
00393 12  4
00394  6  2
00395  6  2
00396  6  2
00397  6  2
00398  6  2
00399  6  2
00400  6  2
00401  6  2
00402  6  2
00403  6  2
00404  6  2
00405  6  2
00406  6  2
00407  6  2
00408  6  2
00409  6  2
00410  6  2
00411  6  2
00412  6  2
00413  6  2
00414 12  4
00415 12  4
00416  6  2
00417  6  2
00418  6  2
00419  6  2
00420  6  2
00421  6  2
00422  6  2
00423  6  2
00424  6  2
00425  6  2
00426  6  2
00427  6  2
00428  6  2
00429 12  4
00430  6  2
00431 12  4
00432  6  2
00433  6  2
00434  6  2
00435  6  2
00436  6  2
00437  6  2
00438  6  2
00439  6  2
00440  6  2
00441  6  2
00442  6  2
00443  6  2
00444  6  2
00445  6  2
00446  6  2
00447  6  2
00448  6  2
00449  6  2
00450  6  2
00451  6  2
00452  6  2
00453 12  4
00454  6  2
00455  6  2
00456  6  2
00457  6  2
00458  6  2
00459  6  2
00460  6  2
00461 12  4
00462 12  4
00465 27  6
00466  8  2
00467  8  2
00468 41  8
00469 41  8
00470 19  4
00471  8  2
00472 27  6
00473 19  4
00474 19  4
00475 16  4
00476 16  4
00477 16  4
00478  8  2
00479  8  2
00480  8  2
00481 16  4
00482  8  2
00483  8  2
00484  8  2
00485 16  4
00486 16  4
00487  8  2
00488 16  4
00489  8  2
00490  8  2
00491 19  4
00492 16  4
00493  8  2
00494  8  2
00495 16  4
00496  8  2
00497 16  4
00498 19  4
00499  8  2
00500 19  4
00501 19  4
00502 16  4
00503 16  4
00504  8  2
00505 19  4
00506 16  4
00507 15  4
00508 27  6
00509 16  4
00510  8  2
00511  8  2
00512 16  4
00513 16  4
00514 16  4
00515  8  2
00516 16  4
00517 16  4
00518  8  2
00519 27  6
00520 16  4
00521 16  4
00522 27  6
00523 16  4
00524 16  4
00525  8  2
00526  8  2
00527  8  2
00528  8  2
00529  8  2
00530  8  2
00531 27  6
00532 19  4
00533 27  6
00534 16  4
00535 15  3
00536  8  2
00537 24  6
00538 16  4
00539  8  2
00540  8  2
00541  8  2
00542  8  2
00543 19  4
00544 16  4
00545 16  4
00546 16  4
00547 32  8
00548 16  4
00549 16  4
00550 16  4
00551  8  2
00552  8  2
00553 16  4
00554  8  2
00555  8  2
00556 32  8
00557  8  2
00558  8  2
00559  8  2
00560  8  2
00561 16  4
00562 22  4
00563 11  2
00564 21  3
00565 28  6
00566 22  4
00567 11  2
00568 22  4
00569 11  2
00570 19  4
00571 11  2
00572 11  2
00573 11  2
00574 11  2
00575 11  2
00576 22  4
00577 11  2
00578 11  2
00579 22  4
00580 11  2
00581 11  2
00582 11  2
00583 11  2
00584 22  4
00585 11  2
00586 11  2
00587 11  2
00588 39  8
00589 11  2
00590 11  2
00591 11  2
00592 11  2
00593 22  4
00594 33  6
00595 11  2
00596 22  4
00597 21  3
00598 22  4
00599 11  2
00600 22  4
00601 11  2
00602 11  2
00603 11  2
00604 33  6
00605 22  4
00606 11  2
00607 11  2
00608 11  2
00609 11  2
00610 11  2
00611 17  4
00612 11  2
00613 11  2
00614 22  4
00615 22  4
00616 22  4
00617 11  2
00618 22  4
00619 11  2
00620 11  2
00621 22  4
00622 22  4
00623 11  2
00624 11  2
00625 11  2
00626 22  4
00627 22  4
00628 11  2
00629 11  2
00630 33  6
00631 11  2
00632 11  2
00633 11  2
00634 11  2
00635 11  2
00636 11  2
00637 11  2
00638 22  4
00639 11  2
00640 11  2
00641 11  2
00642 22  4
00643 11  2
00644 11  2
00645 11  2
00646 11  2
00647 11  2
00648 22  4
00650 11  2
00652 11  2
00653 11  2
00654 11  2
00655 11  2
00656 11  2
00657 11  2
00658 11  2
00659 11  2
00660 44  8
00661 11  2
00662 11  2
00663 11  2
00664 11  2
00665 11  2
00666 11  2
00667 11  2
00668 11  2
00669 23  6
00670 11  2
00671 11  2
00672 11  2
00673 11  2
00674 11  2
00675 11  2
00676 11  2
00677 11  2
00678 11  2
00679 11  2
00680 11  2
00681 11  2
00682 11  2
00683 11  2
00684 11  2
00685 11  2
00686 11  2
00687 11  2
00688 11  2
00689 11  2
00690 11  2
00691 11  2
00692 11  2
00693 11  2
00694 11  2
00695 11  2
00697 11  2
00698 11  2
00699 11  2
00700 11  2
00701 11  2
00703 22  4
00704 33  6
00705 44  8
00706 44  8
00707 22  4
00708 44  8
00709 22  4
00710 32  6
00711 44  8
00712 22  4
00713 33  6
00714 33  6
00715 22  4
00716 21  3
00717 44  8
00718 22  4
00719 22  4
00720 32  6
00721 22  4
00722 44  8
00723 11  2
00724 33  6
00725 22  4
00726 22  4
00727 22  4
00728 22  4
00729 22  4
00730 33  6
00731 11  2
00732 66 12
00733 22  4
00734 11  2
00735 22  4
00736 22  4
00737 33  6
00738 11  2
00739 22  4
00740 22  4
00741 11  2
00742 11  2
00743 33  6
00744 44  8
00745 44  8
00746 22  4
00747 22  4
00749 11  2
00750 33  6
00751 44  8
00752 44  8
00753 11  2
00754 11  2
00755 11  2
00756 11  2
00757 11  2
00758 22  4
00760 33  6
00761 44  8
00762 22  4
00763 33  6
00764 22  4
00765 11  2
00766 33  6
00767 22  4
00768 33  6
00769 22  4
00770 44  8
00771 33  6
00772 33  6
00773 33  6
00774 33  6
00775 22  4
00776 11  2
00777 11  2
00778 11  2
00779 22  4
00780 22  4
00781 22  4
00782 11  2
00783 11  2
00784 11  2
00785 11  2
00786 11  2
00787 22  4
00788 11  2
00789 33  6
00790 11  2
00791 11  2
00792 11  2
00793 11  2
00794 33  6
00795 11  2
00796 11  2
00797 22  4
00798 11  2
00799 11  2
00800 11  2
00801 11  2
00802 11  2
00803 11  2
00804 22  4
00805 11  2
00806 22  4
00807 22  4
00809 33  6
00810 22  4
00811 22  4
00812 22  4
00813 11  2
00814 11  2
00815 11  2
00816 33  6
00817 11  2
00818  6  2
00819  6  2
00820 12  4
00821 12  4
00822  6  2
00823 12  4
00824  6  2
00825  6  2
00826  6  2
00827  6  2
00828  6  2
00829 12  4
00830 12  4
00831  6  2
00833 12  4
00834 12  4
00835  6  2
00836  6  2
00837  6  2
00838  6  2
00839  6  2
00840  6  2
00841  6  2
00842  6  2
00843  6  2
00844  6  2
00845  6  2
00846 12  4
00847  6  2
00848  6  2
00849  6  2
00850  6  2
00851  6  2
00852  6  2
00853  6  2
00854  6  2
00855  6  2
00856  6  2
00857  6  2
00858  6  2
00859  6  2
00860  6  2
00861  6  2
00862  6  2
00863  6  2
00864  6  2
00865  6  2
00866 12  4
00867 12  4
00868  6  2
00869  6  2
00870  6  2
00871  6  2
00872  6  2
00873  6  2
00874  6  2
00875  6  2
00876 22  4
00877 11  2
00878 11  2
00879 22  4
00880 11  2
00882 11  2
00883 11  2
00884 11  2
00885 11  2
00886 11  2
00887 11  2
00888 11  2
00889 11  2
00890 11  2
00891 11  2
00892 11  2
00893 11  2
00894 22  4
00895 11  2
00896 11  2
00897 11  2
00898 11  2
00899 22  4
00900 22  4
00901 11  2
00902 11  2
00903 22  4
00904 11  2
00905 11  2
00906 11  2
00907 22  4
00908 11  2
00909 11  2
00910 11  2
00911 11  2
00912 11  2
00913 11  2
00914 11  2
00915 11  2
00916 11  2
00917 11  2
00918 11  2
00919 11  2
00920 11  2
00921 11  2
00922 11  2
00923 11  2
00924 11  2
00925 11  2
00926 11  2
00927 11  2
00928 11  2
00929 11  2
00930 11  2
00931 11  2
00932 11  2
00933 11  2
00934 11  2
00935 11  2
00936 11  2
00937 11  2
00938 11  2
00939 11  2
00940 11  2
00941 11  2
00942 11  2
00943 11  2
00944 11  2
00945 11  2
00946 11  2
00947 11  2
00948 11  2
00949 11  2
00950 11  2
00951 11  2
00952 11  2
00953 11  2
00954 11  2
00955 11  2
00956 11  2
00957 11  2
00958 11  2
00959 11  2
00960 11  2
00961 11  2
00962 11  2
00963 11  2
00964 11  2
00965 11  2
00966 11  2
00967 11  2
00968 11  2
00969 11  2
00970 11  2
00971 11  2
00972 11  2
00973 11  2
00974 11  2
00976 11  2
00977 11  2
00978 11  2
00979 11  2
00980 11  2
00981 11  2
00982 11  2
00983 11  2
00984 11  2
00985 11  2
00986 11  2
00987 11  2
00988 11  2
00989 10  1
00990 11  2
00991 11  2
00992 11  2
00993 11  2
00994 11  2
00995 11  2
00996 11  2
00997 11  2
00998 11  2
00999 11  2
01000 11  2
01001 11  2
01002 11  2
01003 11  2
01004 11  2
01005 11  2
01006 11  2
01007 13  2
01008 11  2
01009 11  2
01010 11  2
01011 11  2
01012 11  2
01207  6  2
01208  6  2
